<?xml version="1.0" encoding="UTF-8"?>
<testsuite xmlns:xsi="http://www.w3.org/2001/XMLSchema-instance" xsi:noNamespaceSchemaLocation="https://maven.apache.org/surefire/maven-surefire-plugin/xsd/surefire-test-report-3.0.xsd" version="3.0" name="TestSuite" time="37.221" tests="9" errors="0" skipped="2" failures="0">
  <properties>
[...]
</properties>
  <testcase name="testInvalidUsernameAndPassword" classname="com.salesforce.tests.LoginInvalidTest" time="1.792">
    <system-out><![CDATA[2026-02-10 22:45:32 [main] INFO  com.salesforce.listeners.ExtentReportListener - Test Suite Started: InvalidLoginTest
Report directory created: reports/run_20260210_224532
2026-02-10 22:45:33 [main] INFO  com.salesforce.base.BaseTest - Initializing Test Suite
2026-02-10 22:45:33 [main] INFO  com.salesforce.base.BaseTest - Setting up WebDriver for test: null
2026-02-10 22:45:33 [main] INFO  com.salesforce.base.BaseTest - Report will be generated at: reports/run_20260210_224532/ExtentReport.html
2026-02-10 22:45:33 [main] INFO  com.salesforce.base.BaseTest - Initializing browser: chrome
2026-02-10 22:45:37 [main] INFO  com.salesforce.base.BaseTest - Navigated to URL: https://login.salesforce.com/?locale=in
2026-02-10 22:45:37 [main] INFO  com.salesforce.listeners.ExtentReportListener - Test Started: testInvalidUsernameAndPassword
2026-02-10 22:45:38 [main] INFO  com.salesforce.pages.LoginPage - Username entered successfully
2026-02-10 22:45:38 [main] INFO  com.salesforce.pages.LoginPage - Password entered successfully
2026-02-10 22:45:39 [main] INFO  com.salesforce.pages.LoginPage - Login button clicked
2026-02-10 22:45:39 [main] INFO  com.salesforce.pages.LoginPage - Login performed with username: invalid_user@test.com
2026-02-10 22:45:39 [main] INFO  com.salesforce.pages.LoginPage - Error message displayed: Error: Please check your username and password. If you still can't log in, contact your Salesforce administrator.
2026-02-10 22:45:39 [main] INFO  com.salesforce.listeners.ExtentReportListener - Test Passed: testInvalidUsernameAndPassword
2026-02-10 22:45:39 [main] INFO  com.salesforce.utils.ScreenshotUtil - Screenshot captured: reports/run_20260210_224532/screenshots/testInvalidUsernameAndPassword_PASS_20260210_224539_618.png
]]></system-out>
    <system-err><![CDATA[SLF4J: Failed to load class "org.slf4j.impl.StaticLoggerBinder".
SLF4J: Defaulting to no-operation (NOP) logger implementation
SLF4J: See http://www.slf4j.org/codes.html#StaticLoggerBinder for further details.
Feb 10, 2026 10:45:36 PM org.openqa.selenium.devtools.CdpVersionFinder findNearestMatch
WARNING: Unable to find CDP implementation matching 144
Feb 10, 2026 10:45:36 PM org.openqa.selenium.chromium.ChromiumDriver lambda$new$5
WARNING: Unable to find version of CDP to use for 144.0.7559.110. You may need to include a dependency on a specific version of the CDP using something similar to `org.seleniumhq.selenium:selenium-devtools-v86:4.18.1` where the version ("v86") matches the version of the chromium-based browser you're using and the version number of the artifact is the same as Selenium's.
]]></system-err>
  </testcase>
  <testcase name="testEmptyUsername" classname="com.salesforce.tests.LoginInvalidTest" time="1.382">
    <system-out><![CDATA[2026-02-10 22:45:39 [main] INFO  com.salesforce.base.BaseTest - Closing WebDriver for test: testInvalidUsernameAndPassword
2026-02-10 22:45:39 [main] INFO  com.salesforce.base.BaseTest - Setting up WebDriver for test: null
2026-02-10 22:45:39 [main] INFO  com.salesforce.base.BaseTest - Report will be generated at: reports/run_20260210_224532/ExtentReport.html
2026-02-10 22:45:39 [main] INFO  com.salesforce.base.BaseTest - Initializing browser: chrome
2026-02-10 22:45:42 [main] INFO  com.salesforce.base.BaseTest - Navigated to URL: https://login.salesforce.com/?locale=in
2026-02-10 22:45:42 [main] INFO  com.salesforce.listeners.ExtentReportListener - Test Started: testEmptyUsername
2026-02-10 22:45:42 [main] INFO  com.salesforce.pages.LoginPage - Username entered successfully
2026-02-10 22:45:42 [main] INFO  com.salesforce.pages.LoginPage - Password entered successfully
2026-02-10 22:45:42 [main] INFO  com.salesforce.pages.LoginPage - Login button clicked
2026-02-10 22:45:43 [main] INFO  com.salesforce.listeners.ExtentReportListener - Test Passed: testEmptyUsername
2026-02-10 22:45:43 [main] INFO  com.salesforce.utils.ScreenshotUtil - Screenshot captured: reports/run_20260210_224532/screenshots/testEmptyUsername_PASS_20260210_224543_386.png
]]></system-out>
    <system-err><![CDATA[Feb 10, 2026 10:45:40 PM org.openqa.selenium.devtools.CdpVersionFinder findNearestMatch
WARNING: Unable to find CDP implementation matching 144
Feb 10, 2026 10:45:40 PM org.openqa.selenium.chromium.ChromiumDriver lambda$new$5
WARNING: Unable to find version of CDP to use for 144.0.7559.110. You may need to include a dependency on a specific version of the CDP using something similar to `org.seleniumhq.selenium:selenium-devtools-v86:4.18.1` where the version ("v86") matches the version of the chromium-based browser you're using and the version number of the artifact is the same as Selenium's.
]]></system-err>
  </testcase>
  <testcase name="testEmptyPassword" classname="com.salesforce.tests.LoginInvalidTest" time="3.023">
    <system-out><![CDATA[2026-02-10 22:45:43 [main] INFO  com.salesforce.base.BaseTest - Closing WebDriver for test: testEmptyUsername
2026-02-10 22:45:43 [main] INFO  com.salesforce.base.BaseTest - Setting up WebDriver for test: null
2026-02-10 22:45:43 [main] INFO  com.salesforce.base.BaseTest - Report will be generated at: reports/run_20260210_224532/ExtentReport.html
2026-02-10 22:45:43 [main] INFO  com.salesforce.base.BaseTest - Initializing browser: chrome
2026-02-10 22:45:45 [main] INFO  com.salesforce.base.BaseTest - Navigated to URL: https://login.salesforce.com/?locale=in
2026-02-10 22:45:45 [main] INFO  com.salesforce.listeners.ExtentReportListener - Test Started: testEmptyPassword
2026-02-10 22:45:46 [main] INFO  com.salesforce.pages.LoginPage - Username entered successfully
2026-02-10 22:45:46 [main] INFO  com.salesforce.pages.LoginPage - Password entered successfully
2026-02-10 22:45:48 [main] INFO  com.salesforce.pages.LoginPage - Login button clicked
2026-02-10 22:45:48 [main] INFO  com.salesforce.listeners.ExtentReportListener - Test Passed: testEmptyPassword
2026-02-10 22:45:48 [main] INFO  com.salesforce.utils.ScreenshotUtil - Screenshot captured: reports/run_20260210_224532/screenshots/testEmptyPassword_PASS_20260210_224548_806.png
]]></system-out>
    <system-err><![CDATA[Feb 10, 2026 10:45:44 PM org.openqa.selenium.devtools.CdpVersionFinder findNearestMatch
WARNING: Unable to find CDP implementation matching 144
Feb 10, 2026 10:45:44 PM org.openqa.selenium.chromium.ChromiumDriver lambda$new$5
WARNING: Unable to find version of CDP to use for 144.0.7559.110. You may need to include a dependency on a specific version of the CDP using something similar to `org.seleniumhq.selenium:selenium-devtools-v86:4.18.1` where the version ("v86") matches the version of the chromium-based browser you're using and the version number of the artifact is the same as Selenium's.
]]></system-err>
  </testcase>
  <testcase name="testEmptyUsernameAndPassword" classname="com.salesforce.tests.LoginInvalidTest" time="1.706">
    <system-out><![CDATA[2026-02-10 22:45:48 [main] INFO  com.salesforce.base.BaseTest - Closing WebDriver for test: testEmptyPassword
2026-02-10 22:45:49 [main] INFO  com.salesforce.base.BaseTest - Setting up WebDriver for test: null
2026-02-10 22:45:49 [main] INFO  com.salesforce.base.BaseTest - Report will be generated at: reports/run_20260210_224532/ExtentReport.html
2026-02-10 22:45:49 [main] INFO  com.salesforce.base.BaseTest - Initializing browser: chrome
2026-02-10 22:45:51 [main] INFO  com.salesforce.base.BaseTest - Navigated to URL: https://login.salesforce.com/?locale=in
2026-02-10 22:45:51 [main] INFO  com.salesforce.listeners.ExtentReportListener - Test Started: testEmptyUsernameAndPassword
2026-02-10 22:45:51 [main] INFO  com.salesforce.pages.LoginPage - Username entered successfully
2026-02-10 22:45:51 [main] INFO  com.salesforce.pages.LoginPage - Password entered successfully
2026-02-10 22:45:52 [main] INFO  com.salesforce.pages.LoginPage - Login button clicked
2026-02-10 22:45:52 [main] INFO  com.salesforce.listeners.ExtentReportListener - Test Passed: testEmptyUsernameAndPassword
2026-02-10 22:45:52 [main] INFO  com.salesforce.utils.ScreenshotUtil - Screenshot captured: reports/run_20260210_224532/screenshots/testEmptyUsernameAndPassword_PASS_20260210_224552_681.png
]]></system-out>
    <system-err><![CDATA[Feb 10, 2026 10:45:50 PM org.openqa.selenium.devtools.CdpVersionFinder findNearestMatch
WARNING: Unable to find CDP implementation matching 144
Feb 10, 2026 10:45:50 PM org.openqa.selenium.chromium.ChromiumDriver lambda$new$5
WARNING: Unable to find version of CDP to use for 144.0.7559.110. You may need to include a dependency on a specific version of the CDP using something similar to `org.seleniumhq.selenium:selenium-devtools-v86:4.18.1` where the version ("v86") matches the version of the chromium-based browser you're using and the version number of the artifact is the same as Selenium's.
]]></system-err>
  </testcase>
  <testcase name="testInvalidEmailFormat" classname="com.salesforce.tests.LoginInvalidTest" time="2.33">
    <system-out><![CDATA[2026-02-10 22:45:52 [main] INFO  com.salesforce.base.BaseTest - Closing WebDriver for test: testEmptyUsernameAndPassword
2026-02-10 22:45:53 [main] INFO  com.salesforce.base.BaseTest - Setting up WebDriver for test: null
2026-02-10 22:45:53 [main] INFO  com.salesforce.base.BaseTest - Report will be generated at: reports/run_20260210_224532/ExtentReport.html
2026-02-10 22:45:53 [main] INFO  com.salesforce.base.BaseTest - Initializing browser: chrome
2026-02-10 22:45:54 [main] INFO  com.salesforce.base.BaseTest - Navigated to URL: https://login.salesforce.com/?locale=in
2026-02-10 22:45:54 [main] INFO  com.salesforce.listeners.ExtentReportListener - Test Started: testInvalidEmailFormat
2026-02-10 22:45:55 [main] INFO  com.salesforce.pages.LoginPage - Username entered successfully
2026-02-10 22:45:55 [main] INFO  com.salesforce.pages.LoginPage - Password entered successfully
2026-02-10 22:45:56 [main] INFO  com.salesforce.pages.LoginPage - Login button clicked
2026-02-10 22:45:56 [main] INFO  com.salesforce.pages.LoginPage - Login performed with username: invalidemailformat
2026-02-10 22:45:56 [main] INFO  com.salesforce.listeners.ExtentReportListener - Test Passed: testInvalidEmailFormat
2026-02-10 22:45:56 [main] INFO  com.salesforce.utils.ScreenshotUtil - Screenshot captured: reports/run_20260210_224532/screenshots/testInvalidEmailFormat_PASS_20260210_224556_614.png
]]></system-out>
    <system-err><![CDATA[Feb 10, 2026 10:45:53 PM org.openqa.selenium.devtools.CdpVersionFinder findNearestMatch
WARNING: Unable to find CDP implementation matching 144
Feb 10, 2026 10:45:53 PM org.openqa.selenium.chromium.ChromiumDriver lambda$new$5
WARNING: Unable to find version of CDP to use for 144.0.7559.110. You may need to include a dependency on a specific version of the CDP using something similar to `org.seleniumhq.selenium:selenium-devtools-v86:4.18.1` where the version ("v86") matches the version of the chromium-based browser you're using and the version number of the artifact is the same as Selenium's.
]]></system-err>
  </testcase>
  <testcase name="testLoginPageUIElements" classname="com.salesforce.tests.LoginInvalidTest" time="0.313">
    <system-out><![CDATA[2026-02-10 22:45:56 [main] INFO  com.salesforce.base.BaseTest - Closing WebDriver for test: testInvalidEmailFormat
2026-02-10 22:45:56 [main] INFO  com.salesforce.base.BaseTest - Setting up WebDriver for test: null
2026-02-10 22:45:56 [main] INFO  com.salesforce.base.BaseTest - Report will be generated at: reports/run_20260210_224532/ExtentReport.html
2026-02-10 22:45:56 [main] INFO  com.salesforce.base.BaseTest - Initializing browser: chrome
2026-02-10 22:45:58 [main] INFO  com.salesforce.base.BaseTest - Navigated to URL: https://login.salesforce.com/?locale=in
2026-02-10 22:45:58 [main] INFO  com.salesforce.listeners.ExtentReportListener - Test Started: testLoginPageUIElements
2026-02-10 22:45:59 [main] INFO  com.salesforce.listeners.ExtentReportListener - Test Passed: testLoginPageUIElements
2026-02-10 22:45:59 [main] INFO  com.salesforce.utils.ScreenshotUtil - Screenshot captured: reports/run_20260210_224532/screenshots/testLoginPageUIElements_PASS_20260210_224559_090.png
]]></system-out>
    <system-err><![CDATA[Feb 10, 2026 10:45:57 PM org.openqa.selenium.devtools.CdpVersionFinder findNearestMatch
WARNING: Unable to find CDP implementation matching 144
Feb 10, 2026 10:45:57 PM org.openqa.selenium.chromium.ChromiumDriver lambda$new$5
WARNING: Unable to find version of CDP to use for 144.0.7559.110. You may need to include a dependency on a specific version of the CDP using something similar to `org.seleniumhq.selenium:selenium-devtools-v86:4.18.1` where the version ("v86") matches the version of the chromium-based browser you're using and the version number of the artifact is the same as Selenium's.
]]></system-err>
  </testcase>
  <testcase name="testForgotPasswordLink" classname="com.salesforce.tests.LoginInvalidTest" time="1.295">
    <system-out><![CDATA[2026-02-10 22:45:59 [main] INFO  com.salesforce.base.BaseTest - Closing WebDriver for test: testLoginPageUIElements
2026-02-10 22:45:59 [main] INFO  com.salesforce.base.BaseTest - Setting up WebDriver for test: null
2026-02-10 22:45:59 [main] INFO  com.salesforce.base.BaseTest - Report will be generated at: reports/run_20260210_224532/ExtentReport.html
2026-02-10 22:45:59 [main] INFO  com.salesforce.base.BaseTest - Initializing browser: chrome
2026-02-10 22:46:01 [main] INFO  com.salesforce.base.BaseTest - Navigated to URL: https://login.salesforce.com/?locale=in
2026-02-10 22:46:01 [main] INFO  com.salesforce.listeners.ExtentReportListener - Test Started: testForgotPasswordLink
2026-02-10 22:46:02 [main] INFO  com.salesforce.pages.LoginPage - Forgot Password link clicked
2026-02-10 22:46:02 [main] INFO  com.salesforce.listeners.ExtentReportListener - Test Passed: testForgotPasswordLink
2026-02-10 22:46:02 [main] INFO  com.salesforce.utils.ScreenshotUtil - Screenshot captured: reports/run_20260210_224532/screenshots/testForgotPasswordLink_PASS_20260210_224602_469.png
]]></system-out>
    <system-err><![CDATA[Feb 10, 2026 10:46:00 PM org.openqa.selenium.devtools.CdpVersionFinder findNearestMatch
WARNING: Unable to find CDP implementation matching 144
Feb 10, 2026 10:46:00 PM org.openqa.selenium.chromium.ChromiumDriver lambda$new$5
WARNING: Unable to find version of CDP to use for 144.0.7559.110. You may need to include a dependency on a specific version of the CDP using something similar to `org.seleniumhq.selenium:selenium-devtools-v86:4.18.1` where the version ("v86") matches the version of the chromium-based browser you're using and the version number of the artifact is the same as Selenium's.
]]></system-err>
  </testcase>
  <testcase name="testValidLoginWithRememberMe" classname="com.salesforce.tests.LoginValidTest" time="0.0">
    <skipped message="Skipping test: Update global.properties with real Salesforce credentials (Base64 encoded) to run valid login tests"/>
    <system-out><![CDATA[2026-02-10 22:46:02 [main] INFO  com.salesforce.base.BaseTest - Closing WebDriver for test: testForgotPasswordLink
2026-02-10 22:46:02 [main] INFO  com.salesforce.listeners.ExtentReportListener - Test Suite Finished: InvalidLoginTest
Report Location: reports/run_20260210_224532/ExtentReport.html
Report generated at: reports/run_20260210_224532/ExtentReport.html
2026-02-10 22:46:03 [main] INFO  com.salesforce.listeners.ExtentReportListener - Test Suite Started: ValidLoginTest
2026-02-10 22:46:03 [main] INFO  com.salesforce.base.BaseTest - Initializing Test Suite
2026-02-10 22:46:03 [main] INFO  com.salesforce.base.BaseTest - Setting up WebDriver for test: null
2026-02-10 22:46:03 [main] INFO  com.salesforce.base.BaseTest - Report will be generated at: reports/run_20260210_224532/ExtentReport.html
2026-02-10 22:46:03 [main] INFO  com.salesforce.base.BaseTest - Initializing browser: chrome
2026-02-10 22:46:05 [main] INFO  com.salesforce.base.BaseTest - Navigated to URL: https://login.salesforce.com/?locale=in
2026-02-10 22:46:05 [main] INFO  com.salesforce.listeners.ExtentReportListener - Test Started: testValidLoginWithRememberMe
2026-02-10 22:46:05 [main] WARN  com.salesforce.listeners.ExtentReportListener - Test Skipped: testValidLoginWithRememberMe
2026-02-10 22:46:05 [main] INFO  com.salesforce.utils.ScreenshotUtil - Screenshot captured: reports/run_20260210_224532/screenshots/testValidLoginWithRememberMe_SKIP_20260210_224605_039.png
]]></system-out>
    <system-err><![CDATA[Feb 10, 2026 10:46:03 PM org.openqa.selenium.devtools.CdpVersionFinder findNearestMatch
WARNING: Unable to find CDP implementation matching 144
Feb 10, 2026 10:46:03 PM org.openqa.selenium.chromium.ChromiumDriver lambda$new$5
WARNING: Unable to find version of CDP to use for 144.0.7559.110. You may need to include a dependency on a specific version of the CDP using something similar to `org.seleniumhq.selenium:selenium-devtools-v86:4.18.1` where the version ("v86") matches the version of the chromium-based browser you're using and the version number of the artifact is the same as Selenium's.
]]></system-err>
  </testcase>
  <testcase name="testValidLoginWithoutRememberMe" classname="com.salesforce.tests.LoginValidTest" time="0.0">
    <skipped message="Skipping test: Update global.properties with real Salesforce credentials (Base64 encoded) to run valid login tests"/>
    <system-out><![CDATA[2026-02-10 22:46:05 [main] INFO  com.salesforce.base.BaseTest - Closing WebDriver for test: testValidLoginWithRememberMe
2026-02-10 22:46:05 [main] INFO  com.salesforce.base.BaseTest - Setting up WebDriver for test: null
2026-02-10 22:46:05 [main] INFO  com.salesforce.base.BaseTest - Report will be generated at: reports/run_20260210_224532/ExtentReport.html
2026-02-10 22:46:05 [main] INFO  com.salesforce.base.BaseTest - Initializing browser: chrome
2026-02-10 22:46:07 [main] INFO  com.salesforce.base.BaseTest - Navigated to URL: https://login.salesforce.com/?locale=in
2026-02-10 22:46:07 [main] INFO  com.salesforce.listeners.ExtentReportListener - Test Started: testValidLoginWithoutRememberMe
2026-02-10 22:46:07 [main] WARN  com.salesforce.listeners.ExtentReportListener - Test Skipped: testValidLoginWithoutRememberMe
2026-02-10 22:46:07 [main] INFO  com.salesforce.utils.ScreenshotUtil - Screenshot captured: reports/run_20260210_224532/screenshots/testValidLoginWithoutRememberMe_SKIP_20260210_224607_587.png
]]></system-out>
    <system-err><![CDATA[Feb 10, 2026 10:46:06 PM org.openqa.selenium.devtools.CdpVersionFinder findNearestMatch
WARNING: Unable to find CDP implementation matching 144
Feb 10, 2026 10:46:06 PM org.openqa.selenium.chromium.ChromiumDriver lambda$new$5
WARNING: Unable to find version of CDP to use for 144.0.7559.110. You may need to include a dependency on a specific version of the CDP using something similar to `org.seleniumhq.selenium:selenium-devtools-v86:4.18.1` where the version ("v86") matches the version of the chromium-based browser you're using and the version number of the artifact is the same as Selenium's.
]]></system-err>
  </testcase>
</testsuite>