<?xml version="1.0" encoding="UTF-8"?>
<!-- Generated by org.testng.reporters.JUnitReportReporter -->
<testsuite hostname="Mr-BASHA-VALLI" failures="0" tests="2" name="com.salesforce.tests.LoginValidTest" time="4.328" errors="0" timestamp="2026-02-10T22:46:08 IST" skipped="2">
  <testcase classname="com.salesforce.tests.LoginValidTest" name="testValidLoginWithRememberMe" time="2.068">
    <skipped/>
  </testcase> <!-- testValidLoginWithRememberMe -->
  <system-out/>
  <testcase classname="com.salesforce.tests.LoginValidTest" name="testValidLoginWithoutRememberMe" time="2.260">
    <skipped/>
  </testcase> <!-- testValidLoginWithoutRememberMe -->
  <system-out/>
</testsuite> <!-- com.salesforce.tests.LoginValidTest -->
