<?xml version="1.0" encoding="UTF-8"?>
<!-- Generated by org.testng.reporters.JUnitReportReporter -->
<testsuite hostname="Mr-BASHA-VALLI" failures="0" tests="7" name="com.salesforce.tests.LoginInvalidTest" time="28.787" errors="0" timestamp="2026-02-10T22:46:08 IST" skipped="0">
  <testcase classname="com.salesforce.tests.LoginInvalidTest" name="testInvalidUsernameAndPassword" time="4.088"/>
  <system-out/>
  <testcase classname="com.salesforce.tests.LoginInvalidTest" name="testEmptyUsername" time="3.297"/>
  <system-out/>
  <testcase classname="com.salesforce.tests.LoginInvalidTest" name="testEmptyPassword" time="5.096"/>
  <system-out/>
  <testcase classname="com.salesforce.tests.LoginInvalidTest" name="testEmptyUsernameAndPassword" time="6.659"/>
  <system-out/>
  <testcase classname="com.salesforce.tests.LoginInvalidTest" name="testInvalidEmailFormat" time="3.714"/>
  <system-out/>
  <testcase classname="com.salesforce.tests.LoginInvalidTest" name="testLoginPageUIElements" time="2.546"/>
  <system-out/>
  <testcase classname="com.salesforce.tests.LoginInvalidTest" name="testForgotPasswordLink" time="3.387"/>
  <system-out/>
</testsuite> <!-- com.salesforce.tests.LoginInvalidTest -->
