<?xml version="1.0" encoding="UTF-8"?>
<!-- Generated by org.testng.reporters.JUnitXMLReporter -->
<testsuite ignored="0" hostname="Mr-BASHA-VALLI" failures="0" tests="7" name="InvalidLoginTest" time="29.963" errors="0" timestamp="2026-02-10T22:46:03 IST">
  <testcase classname="com.salesforce.tests.LoginInvalidTest" name="testInvalidUsernameAndPassword" time="1.654"/>
  <testcase classname="com.salesforce.tests.LoginInvalidTest" name="testEmptyUsername" time="1.254"/>
  <testcase classname="com.salesforce.tests.LoginInvalidTest" name="testEmptyPassword" time="2.869"/>
  <testcase classname="com.salesforce.tests.LoginInvalidTest" name="testEmptyUsernameAndPassword" time="1.561"/>
  <testcase classname="com.salesforce.tests.LoginInvalidTest" name="testInvalidEmailFormat" time="2.243"/>
  <testcase classname="com.salesforce.tests.LoginInvalidTest" name="testLoginPageUIElements" time="0.21"/>
  <testcase classname="com.salesforce.tests.LoginInvalidTest" name="testForgotPasswordLink" time="1.226"/>
</testsuite> <!-- InvalidLoginTest -->
