<?xml version="1.0" encoding="UTF-8"?>
<!-- Generated by org.testng.reporters.JUnitXMLReporter -->
<testsuite ignored="0" hostname="Mr-BASHA-VALLI" failures="0" tests="2" name="ValidLoginTest" time="4.882" errors="0" timestamp="2026-02-10T22:46:08 IST">
  <testcase classname="com.salesforce.tests.LoginValidTest" name="testValidLoginWithRememberMe" time="0.003">
    <skipped/>
  </testcase> <!-- testValidLoginWithRememberMe -->
  <testcase classname="com.salesforce.tests.LoginValidTest" name="testValidLoginWithoutRememberMe" time="0.002">
    <skipped/>
  </testcase> <!-- testValidLoginWithoutRememberMe -->
</testsuite> <!-- ValidLoginTest -->
